C51 COMPILER V9.52.0.0   UTILS                                                             07/06/2017 17:59:45 PAGE 1   


C51 COMPILER V9.52.0.0, COMPILATION OF MODULE UTILS
OBJECT MODULE PLACED IN utils.OBJ
COMPILER INVOKED BY: d:\KeilC51\C51\BIN\C51.EXE utils.c BROWSE DEBUG OBJECTEXTEND

line level    source

   1          
   2          #include <intrins.h>
   3          #include <Utils.h>
   4          
   5          void delayS(int s)
   6          {
   7   1              int i = s;
   8   1              while (i--)
   9   1                      delay1s();
  10   1      }
  11          
  12          void delayMS(int ms)
  13          {
  14   1              int i = ms / 100;
  15   1              while (i--)
  16   1                      delay100ms();
  17   1              i = ms / 10;
  18   1              while (i--)
  19   1                      delay10ms();
  20   1              i = ms % 10;
  21   1              while (i--)
  22   1                      delay1ms();
  23   1      }
  24          
  25          
  26          void delay1s()          //@22.1184MHz
  27          {
  28   1              unsigned char i, j, k;
  29   1      
  30   1              _nop_();
  31   1              _nop_();
  32   1              i = 85;
  33   1              j = 12;
  34   1              k = 155;
  35   1              do
  36   1              {
  37   2                      do
  38   2                      {
  39   3                              while (--k);
  40   3                      } while (--j);
  41   2              } while (--i);
  42   1      }
  43          
  44          void delay1ms()         //@22.1184MHz
  45          {
  46   1              unsigned char i, j;
  47   1      
  48   1              _nop_();
  49   1              _nop_();
  50   1              i = 22;
  51   1              j = 128;
  52   1              do
  53   1              {
  54   2                      while (--j);
  55   2              } while (--i);
C51 COMPILER V9.52.0.0   UTILS                                                             07/06/2017 17:59:45 PAGE 2   

  56   1      }
  57          
  58          
  59          void delay10ms()                //@22.1184MHz
  60          {
  61   1              unsigned char i, j, k;
  62   1      
  63   1              _nop_();
  64   1              _nop_();
  65   1              i = 1;
  66   1              j = 216;
  67   1              k = 35;
  68   1              do
  69   1              {
  70   2                      do
  71   2                      {
  72   3                              while (--k);
  73   3                      } while (--j);
  74   2              } while (--i);
  75   1      }
  76          
  77          void delay100ms()               //@22.1184MHz
  78          {
  79   1              unsigned char i, j, k;
  80   1      
  81   1              _nop_();
  82   1              _nop_();
  83   1              i = 9;
  84   1              j = 104;
  85   1              k = 139;
  86   1              do
  87   1              {
  88   2                      do
  89   2                      {
  90   3                              while (--k);
  91   3                      } while (--j);
  92   2              } while (--i);
  93   1      }
  94          
  95          void delay1us()         //@22.1184MHz
  96          {
  97   1              unsigned char i;
  98   1      
  99   1              i = 3;
 100   1              while (--i);
 101   1      }
 102          
 103          void delayUS(int us)
 104          {
 105   1              while (us--)
 106   1                      delay1us();
 107   1      }
 108          
 109          
 110          


MODULE INFORMATION:   STATIC OVERLAYABLE
   CODE SIZE        =    204    ----
   CONSTANT SIZE    =   ----    ----
   XDATA SIZE       =   ----    ----
   PDATA SIZE       =   ----    ----
C51 COMPILER V9.52.0.0   UTILS                                                             07/06/2017 17:59:45 PAGE 3   

   DATA SIZE        =   ----       6
   IDATA SIZE       =   ----    ----
   BIT SIZE         =   ----    ----
END OF MODULE INFORMATION.


C51 COMPILATION COMPLETE.  0 WARNING(S),  0 ERROR(S)
